<?xml version="1.0" encoding="UTF-8"?>
<!-- Generated by org.testng.reporters.JUnitXMLReporter -->
<testsuite ignored="2" hostname="Karthiks-MacBook-Pro.local" failures="1" tests="1" name="Default test(failed)" time="24.196" errors="0" timestamp="2021-09-08T08:15:41 IST">
  <testcase classname="com.ap.tests.LoginTest" name="testEmptyLogin" time="3.537">
    <failure type="java.lang.AssertionError" message="expected [false] but found [true]">
      <![CDATA[java.lang.AssertionError: expected [false] but found [true]
at com.ap.tests.LoginTest.testEmptyLogin(LoginTest.java:42)
at java.base/java.util.ArrayList.forEach(ArrayList.java:1541)
... Removed 31 stack frames]]>
    </failure>
  </testcase> <!-- testEmptyLogin -->
  <testcase classname="com.ap.tests.LoginTest" name="testinValidLogin" time="0.0">
    <ignored/>
  </testcase> <!-- testinValidLogin -->
  <testcase classname="com.ap.tests.LoginTest" name="testValidLogin" time="0.0">
    <ignored/>
  </testcase> <!-- testValidLogin -->
</testsuite> <!-- Default test(failed) -->
